Compiling the C compiler identification source file "CMakeCCompilerId.c" failed.
Compiler: /Applications/Xcode.app/Contents/Developer/Toolchains/XcodeDefault.xctoolchain/usr/bin/cc 
Build flags: 
Id flags:  

The output was:
1
ld: library not found for -lSystem
clang: error: linker command failed with exit code 1 (use -v to see invocation)


Compiling the CXX compiler identification source file "CMakeCXXCompilerId.cpp" failed.
Compiler: /Applications/Xcode.app/Contents/Developer/Toolchains/XcodeDefault.xctoolchain/usr/bin/c++ 
Build flags: 
Id flags:  

The output was:
1
ld: library not found for -lc++
clang: error: linker command failed with exit code 1 (use -v to see invocation)


Determining if the function IceConnectionNumber exists in the ICE failed with the following output:
Change Dir: /Users/bennyblues/Documents/Silicon_Telescope/code/build/CMakeFiles/CMakeTmp

Run Build Command(s):/opt/local/bin/gmake -f Makefile cmTC_dbf90/fast && /opt/local/bin/gmake  -f CMakeFiles/cmTC_dbf90.dir/build.make CMakeFiles/cmTC_dbf90.dir/build
gmake[1]: Entering directory '/Users/bennyblues/Documents/Silicon_Telescope/code/build/CMakeFiles/CMakeTmp'
Building C object CMakeFiles/cmTC_dbf90.dir/CheckFunctionExists.c.o
/Applications/Xcode.app/Contents/Developer/Toolchains/XcodeDefault.xctoolchain/usr/bin/cc   -DCHECK_FUNCTION_EXISTS=IceConnectionNumber -isysroot /Applications/Xcode.app/Contents/Developer/Platforms/MacOSX.platform/Developer/SDKs/MacOSX12.1.sdk -mmacosx-version-min=11.6 -MD -MT CMakeFiles/cmTC_dbf90.dir/CheckFunctionExists.c.o -MF CMakeFiles/cmTC_dbf90.dir/CheckFunctionExists.c.o.d -o CMakeFiles/cmTC_dbf90.dir/CheckFunctionExists.c.o -c /opt/local/share/cmake-3.22/Modules/CheckFunctionExists.c
Linking C executable cmTC_dbf90
/opt/local/bin/cmake -E cmake_link_script CMakeFiles/cmTC_dbf90.dir/link.txt --verbose=1
/Applications/Xcode.app/Contents/Developer/Toolchains/XcodeDefault.xctoolchain/usr/bin/cc  -DCHECK_FUNCTION_EXISTS=IceConnectionNumber -isysroot /Applications/Xcode.app/Contents/Developer/Platforms/MacOSX.platform/Developer/SDKs/MacOSX12.1.sdk -mmacosx-version-min=11.6 -Wl,-search_paths_first -Wl,-headerpad_max_install_names CMakeFiles/cmTC_dbf90.dir/CheckFunctionExists.c.o -o cmTC_dbf90   -L/usr/local/lib  -Wl,-rpath,/usr/local/lib -lICE 
ld: library not found for -lICE
clang: error: linker command failed with exit code 1 (use -v to see invocation)
gmake[1]: *** [CMakeFiles/cmTC_dbf90.dir/build.make:100: cmTC_dbf90] Error 1
gmake[1]: Leaving directory '/Users/bennyblues/Documents/Silicon_Telescope/code/build/CMakeFiles/CMakeTmp'
gmake: *** [Makefile:127: cmTC_dbf90/fast] Error 2



